2018-02-01 15:04:46.263
开始菜单目录path：C:\Users\hxy\AppData\Roaming\Microsoft\Windows\Start Menu\Programs\海鹚科技
2018-02-01 15:45:13.271
E732D17501ACjbRYUdn2BZ31lwzv1ELHK1xFdn1a8YjCmDMgczL5m/XdNRDS5Q8NWf4AN/zu7Wo5KpUCQeMdMvfsG0ovbTdYB0P6tZ4lY/gDQVz78BBjHIHZSj+py/PdRsmQbWoM9piJKnzGxcsB/XDOqqD8yfkuNVlMgV8uHt9um3XY5TGMIi0=i5j57NqtD/hywZ/tNvvXpL015g/A5OX9uRUqk7uVnuYmY3/imNkL5UEaqV6wAfNqVS0z2LUn84uIh02AjV8kGmTFBl4yZuHOevCYzDotq/xmgTjircOXff6xCrm0BwEC
2018-02-01 15:45:13.272
D:\Program Files (x86)\sinashouyouzs\新浪手游助手.exe
2018-02-01 15:45:47.671
E732D17501ACjbRYUdn2BZ31lwzv1ELHK1xFdn1a8YjCmDMgczL5m/XdNRDS5Q8NWf4AN/zu7Wo5KpUCQeMdMvfsG0ovbTdYB0P6tZ4lY/gDQVz78BBjHIHZSj+py/PdRsmQbWoM9piJKnzGxcsB/XDOqqD8yfkuNVlMgV8uHt9um3XY5TGMIi0=i5j57NqtD/hywZ/tNvvXpL015g/A5OX9uRUqk7uVnuYmY3/imNkL5UEaqV6wAfNqVS0z2LUn84uIh02AjV8kGmTFBl4yZuHOevCYzDotq/xmgTjircOXff6xCrm0BwEC
2018-02-01 15:45:47.672
D:\Program Files (x86)\sinashouyouzs\新浪手游助手.exe
2018-02-01 15:49:43.455
2345.com
2018-02-01 15:49:43.455
2K Sports
2018-02-01 15:49:43.456
360
2018-02-01 15:49:43.456
360desktop
2018-02-01 15:49:43.456
360Drvmgr
2018-02-01 15:49:43.457
8lag
2018-02-01 15:49:43.457
Adobe
2018-02-01 15:49:43.457
Aerofox
2018-02-01 15:49:43.458
ALI213
2018-02-01 15:49:43.458
AliIM
2018-02-01 15:49:43.458
AlimamaShortcuts
2018-02-01 15:49:43.459
alipay
2018-02-01 15:49:43.459
Allround Automations
2018-02-01 15:49:43.459
APlayer
2018-02-01 15:49:43.460
AppDataLow
2018-02-01 15:49:43.460
AppID
2018-02-01 15:49:43.461
Apple Computer, Inc.
2018-02-01 15:49:43.461
Apple Inc.
2018-02-01 15:49:43.461
ASUS
2018-02-01 15:49:43.462
Atheros
2018-02-01 15:49:43.462
Avast Software
2018-02-01 15:49:43.462
Axure RP 4
2018-02-01 15:49:43.463
Baidu
2018-02-01 15:49:43.463
BitComet
2018-02-01 15:49:43.463
Blizzard Entertainment
2018-02-01 15:49:43.464
BlueStacks
2018-02-01 15:49:43.464
Bmupd
2018-02-01 15:49:43.464
BottleTech
2018-02-01 15:49:43.465
calibre
2018-02-01 15:49:43.465
CDProjektRED
2018-02-01 15:49:43.466
Cheat Engine
2018-02-01 15:49:43.466
Chrome
2018-02-01 15:49:43.467
Chromium
2018-02-01 15:49:43.467
Clients
2018-02-01 15:49:43.468
Clover
2018-02-01 15:49:43.468
Common
2018-02-01 15:49:43.468
CoreAAC
2018-02-01 15:49:43.469
Crystal Dynamics
2018-02-01 15:49:43.469
CTWYZDHZM
2018-02-01 15:49:43.469
CyberLink
2018-02-01 15:49:43.470
Cygwin
2018-02-01 15:49:43.470
DCEtools
2018-02-01 15:49:43.470
DCEtoolsRD
2018-02-01 15:49:43.471
Disc Soft
2018-02-01 15:49:43.471
DisplayCardInfo
2018-02-01 15:49:43.471
downer
2018-02-01 15:49:43.472
DTLSoft
2018-02-01 15:49:43.472
duowan
2018-02-01 15:49:43.472
ECAREME
2018-02-01 15:49:43.473
Eidos Montreal
2018-02-01 15:49:43.473
ej-technologies
2018-02-01 15:49:43.474
Elantech
2018-02-01 15:49:43.474
Elecard
2018-02-01 15:49:43.474
Electronic Arts
2018-02-01 15:49:43.475
Epic Games
2018-02-01 15:49:43.495
Evernote
2018-02-01 15:49:43.496
Facepunch Studios LTD
2018-02-01 15:49:43.496
FengMang
2018-02-01 15:49:43.497
FlashGet Network
2018-02-01 15:49:43.497
Foxit Software
2018-02-01 15:49:43.497
FreeDownloadManager.ORG
2018-02-01 15:49:43.498
Gabest
2018-02-01 15:49:43.498
GNU
2018-02-01 15:49:43.498
GOG.com
2018-02-01 15:49:43.499
Google
2018-02-01 15:49:43.499
Haemimont Games
2018-02-01 15:49:43.499
Haroo Studio
2018-02-01 15:49:43.500
Hewlett-Packard
2018-02-01 15:49:43.500
HP
2018-02-01 15:49:43.500
Illusion
2018-02-01 15:49:43.501
IM Providers
2018-02-01 15:49:43.501
Intel
2018-02-01 15:49:43.501
iToolsDT
2018-02-01 15:49:43.502
JavaSoft
2018-02-01 15:49:43.502
JetBrains
2018-02-01 15:49:43.502
jisupdf
2018-02-01 15:49:43.503
Jumpw
2018-02-01 15:49:43.503
Kingsoft
2018-02-01 15:49:43.503
KoeiTecmo
2018-02-01 15:49:43.504
KuaiZip
2018-02-01 15:49:43.504
KuaiZipSFX
2018-02-01 15:49:43.504
Lavasoft
2018-02-01 15:49:43.505
Lenovo
2018-02-01 15:49:43.505
Local AppWizard-Generated Applications
2018-02-01 15:49:43.505
Logitech
2018-02-01 15:49:43.506
lonlife
2018-02-01 15:49:43.506
Ludashi
2018-02-01 15:49:43.506
Macromedia
2018-02-01 15:49:43.507
Martin Prikryl
2018-02-01 15:49:43.507
McAfee
2018-02-01 15:49:43.507
Microsoft
2018-02-01 15:49:43.507
Mindjet
2018-02-01 15:49:43.508
Mine
2018-02-01 15:49:43.508
Mozilla
2018-02-01 15:49:43.508
MozillaPlugins
2018-02-01 15:49:43.509
MySQL-Front
2018-02-01 15:49:43.509
NavPlugin
2018-02-01 15:49:43.509
Netease
2018-02-01 15:49:43.510
NetSarang
2018-02-01 15:49:43.510
Netscape
2018-02-01 15:49:43.510
Novell
2018-02-01 15:49:43.511
NVIDIA Corporation
2018-02-01 15:49:43.511
nwjs
2018-02-01 15:49:43.511
ODBC
2018-02-01 15:49:43.512
OpenAutomate
2018-02-01 15:49:43.512
Opera Software
2018-02-01 15:49:43.512
Oracle
2018-02-01 15:49:43.513
PCVPN
2018-02-01 15:49:43.513
Policies
2018-02-01 15:49:43.514
PPTAssist
2018-02-01 15:49:43.514
PremiumSoft
2018-02-01 15:49:43.514
Pulse Secure
2018-02-01 15:49:43.515
QiYi
2018-02-01 15:49:43.515
QMacro2014
2018-02-01 15:49:43.515
QMDirect
2018-02-01 15:49:43.516
QMRunner
2018-02-01 15:49:43.516
QQBrowser
2018-02-01 15:49:43.516
QtProject
2018-02-01 15:49:43.517
QyGameClient
2018-02-01 15:49:43.517
Razer
2018-02-01 15:49:43.517
Realtek
2018-02-01 15:49:43.518
RegisteredApplications
2018-02-01 15:49:43.518
roamingdevice
2018-02-01 15:49:43.518
Rockstar Games
2018-02-01 15:49:43.519
RootGenius
2018-02-01 15:49:43.519
RuanMei
2018-02-01 15:49:43.519
RW-Everything
2018-02-01 15:49:43.520
San13Editor
2018-02-01 15:49:43.520
Scooter Software
2018-02-01 15:49:43.520
Skype
2018-02-01 15:49:43.521
SNDA
2018-02-01 15:49:43.521
SogouDesktopBar
2018-02-01 15:49:43.521
SogouInput.ppup
2018-02-01 15:49:43.521
SQLyog
2018-02-01 15:49:43.522
SSH Communications Security
2018-02-01 15:49:43.522
StarUML
2018-02-01 15:49:43.522
SuperChainMedia
2018-02-01 15:49:43.523
SyncEngines
2018-02-01 15:49:43.524
SYNCJM
2018-02-01 15:49:43.524
TeamViewer
2018-02-01 15:49:43.525
Tecent
2018-02-01 15:49:43.525
TecmoKoei
2018-02-01 15:49:43.525
Telltale Games
2018-02-01 15:49:43.526
Tencent
2018-02-01 15:49:43.526
TesSafe
2018-02-01 15:49:43.527
Thunder Network
2018-02-01 15:49:43.527
Thunisoft
2018-02-01 15:49:43.528
Tigris.org
2018-02-01 15:49:43.528
TortoiseMerge
2018-02-01 15:49:43.529
TortoiseSVN
2018-02-01 15:49:43.529
Trolltech
2018-02-01 15:49:43.529
Ubisoft
2018-02-01 15:49:43.530
Unity
2018-02-01 15:49:43.530
Valve
2018-02-01 15:49:43.530
VB and VBA Program Settings
2018-02-01 15:49:43.531
Video Legend
2018-02-01 15:49:43.531
Vidyo
2018-02-01 15:49:43.531
VMware, Inc.
2018-02-01 15:49:43.532
Winamp
2018-02-01 15:49:43.532
WinRAR SFX
2018-02-01 15:49:43.533
WiseRar
2018-02-01 15:49:43.533
Wiz
2018-02-01 15:49:43.533
Wizards of the Coast
2018-02-01 15:49:43.534
WizBrother
2018-02-01 15:49:43.534
Wow6432Node
2018-02-01 15:49:43.535
Xamarin
2018-02-01 15:49:43.535
XiaoHaiNotes
2018-02-01 15:49:43.535
xiaoma
2018-02-01 15:49:43.536
XiaoMi
2018-02-01 15:49:43.536
XinYi Network
2018-02-01 15:49:43.537
XPusher
2018-02-01 15:49:43.537
Youdao
2018-02-01 15:49:43.537
YXGStart
2018-02-01 15:49:43.538
{906D6D9F-AB51-429F-8816-8D33284204FF}
2018-02-01 15:49:43.538
应用程序向导生成的本地应用程序
2018-02-01 15:49:43.538
Classes
2018-02-01 15:53:44.687
2345.com
2018-02-01 15:53:44.688
2K Sports
2018-02-01 15:53:44.688
360
2018-02-01 15:53:44.688
360desktop
2018-02-01 15:53:44.689
360Drvmgr
2018-02-01 15:53:44.689
8lag
2018-02-01 15:53:44.689
Adobe
2018-02-01 15:53:44.690
Aerofox
2018-02-01 15:53:44.690
ALI213
2018-02-01 15:53:44.690
AliIM
2018-02-01 15:53:44.691
AlimamaShortcuts
2018-02-01 15:53:44.691
alipay
2018-02-01 15:53:44.691
Allround Automations
2018-02-01 15:53:44.692
APlayer
2018-02-01 15:53:44.692
AppDataLow
2018-02-01 15:53:44.692
AppID
2018-02-01 15:53:44.693
Apple Computer, Inc.
2018-02-01 15:53:44.693
Apple Inc.
2018-02-01 15:53:44.693
ASUS
2018-02-01 15:53:44.694
Atheros
2018-02-01 15:53:44.694
Avast Software
2018-02-01 15:53:44.694
Axure RP 4
2018-02-01 15:53:44.695
Baidu
2018-02-01 15:53:44.695
BitComet
2018-02-01 15:53:44.695
Blizzard Entertainment
2018-02-01 15:53:44.696
BlueStacks
2018-02-01 15:53:44.696
Bmupd
2018-02-01 15:53:44.697
BottleTech
2018-02-01 15:53:44.697
calibre
2018-02-01 15:53:44.697
CDProjektRED
2018-02-01 15:53:44.698
Cheat Engine
2018-02-01 15:53:44.698
Chrome
2018-02-01 15:53:44.699
Chromium
2018-02-01 15:53:44.699
Clients
2018-02-01 15:53:44.699
Clover
2018-02-01 15:53:44.699
Common
2018-02-01 15:53:44.700
CoreAAC
2018-02-01 15:53:44.700
Crystal Dynamics
2018-02-01 15:53:44.701
CTWYZDHZM
2018-02-01 15:53:44.701
CyberLink
2018-02-01 15:53:44.701
Cygwin
2018-02-01 15:53:44.702
DCEtools
2018-02-01 15:53:44.702
DCEtoolsRD
2018-02-01 15:53:44.702
Disc Soft
2018-02-01 15:53:44.703
DisplayCardInfo
2018-02-01 15:53:44.703
downer
2018-02-01 15:53:44.703
DTLSoft
2018-02-01 15:53:44.704
duowan
2018-02-01 15:53:44.704
ECAREME
2018-02-01 15:53:44.704
Eidos Montreal
2018-02-01 15:53:44.705
ej-technologies
2018-02-01 15:53:44.705
Elantech
2018-02-01 15:53:44.705
Elecard
2018-02-01 15:53:44.706
Electronic Arts
2018-02-01 15:53:44.706
Epic Games
2018-02-01 15:53:44.706
Evernote
2018-02-01 15:53:44.713
Facepunch Studios LTD
2018-02-01 15:53:44.713
FengMang
2018-02-01 15:53:44.713
FlashGet Network
2018-02-01 15:53:44.714
Foxit Software
2018-02-01 15:53:44.714
FreeDownloadManager.ORG
2018-02-01 15:53:44.714
Gabest
2018-02-01 15:53:44.715
GNU
2018-02-01 15:53:44.715
GOG.com
2018-02-01 15:53:44.715
Google
2018-02-01 15:56:48.578
2345.com
2018-02-01 15:56:48.578
2K Sports
2018-02-01 15:56:48.579
360
2018-02-01 15:56:48.579
360desktop
2018-02-01 15:56:48.579
360Drvmgr
2018-02-01 15:56:48.579
8lag
2018-02-01 15:56:48.580
Adobe
2018-02-01 15:56:48.580
Aerofox
2018-02-01 15:56:48.580
ALI213
2018-02-01 15:56:48.580
AliIM
2018-02-01 15:56:48.581
AlimamaShortcuts
2018-02-01 15:56:48.581
alipay
2018-02-01 15:56:48.581
Allround Automations
2018-02-01 15:56:48.581
APlayer
2018-02-01 15:56:48.581
AppDataLow
2018-02-01 15:56:48.582
AppID
2018-02-01 15:56:48.582
Apple Computer, Inc.
2018-02-01 15:56:48.582
Apple Inc.
2018-02-01 15:56:48.582
ASUS
2018-02-01 15:56:48.583
Atheros
2018-02-01 15:56:48.583
Avast Software
2018-02-01 15:56:48.583
Axure RP 4
2018-02-01 15:56:48.583
Baidu
2018-02-01 15:56:48.583
BitComet
2018-02-01 15:56:48.584
Blizzard Entertainment
2018-02-01 15:56:48.584
BlueStacks
2018-02-01 15:56:48.584
Bmupd
2018-02-01 15:56:48.585
BottleTech
2018-02-01 15:56:48.585
calibre
2018-02-01 15:56:48.585
CDProjektRED
2018-02-01 15:56:48.585
Cheat Engine
2018-02-01 15:56:48.585
Chrome
2018-02-01 15:56:48.586
Chromium
2018-02-01 15:56:48.586
Clients
2018-02-01 15:56:48.586
Clover
2018-02-01 15:56:48.586
Common
2018-02-01 15:56:48.586
CoreAAC
2018-02-01 15:56:48.587
Crystal Dynamics
2018-02-01 15:56:48.587
CTWYZDHZM
2018-02-01 15:56:48.587
CyberLink
2018-02-01 15:56:48.587
Cygwin
2018-02-01 15:56:48.588
DCEtools
2018-02-01 15:56:48.588
DCEtoolsRD
2018-02-01 15:56:48.588
Disc Soft
2018-02-01 15:56:48.588
DisplayCardInfo
2018-02-01 15:56:48.588
downer
2018-02-01 15:56:48.589
DTLSoft
2018-02-01 15:56:48.589
duowan
2018-02-01 15:56:48.589
ECAREME
2018-02-01 15:56:48.589
Eidos Montreal
2018-02-01 15:56:48.589
ej-technologies
2018-02-01 15:56:48.590
Elantech
2018-02-01 15:56:48.590
Elecard
2018-02-01 15:56:48.590
Electronic Arts
2018-02-01 15:56:48.590
Epic Games
2018-02-01 15:56:48.591
Evernote
2018-02-01 15:56:48.591
Facepunch Studios LTD
2018-02-01 15:56:48.591
FengMang
2018-02-01 15:56:48.591
FlashGet Network
2018-02-01 15:56:48.591
Foxit Software
2018-02-01 15:56:48.592
FreeDownloadManager.ORG
2018-02-01 15:56:48.592
Gabest
2018-02-01 15:56:48.592
GNU
2018-02-01 15:56:48.592
GOG.com
2018-02-01 15:56:48.592
Google
2018-02-01 17:59:01.947
获取谷歌安装路径失败，可能是未安装谷歌浏览器：System.NullReferenceException: 未将对象引用设置到对象的实例。
   在 AngleToolHelper.BrowerConfiger.getChromeInstallPath() 位置 E:\VisualStudio\hiwork\HostModifier\ClassLibrary1\BrowerConfiger.cs:行号 89
2018-02-01 18:27:29.198
默认浏览器已经是Chrome
