2018-02-02 10:58:03.140
2345.com
2018-02-02 10:58:03.248
2K Sports
2018-02-02 10:58:03.249
360
2018-02-02 10:58:03.249
360desktop
2018-02-02 10:58:03.250
360Drvmgr
2018-02-02 10:58:03.251
8lag
2018-02-02 10:58:03.252
Adobe
2018-02-02 10:58:03.252
Aerofox
2018-02-02 10:58:03.253
ALI213
2018-02-02 10:58:03.254
AliIM
2018-02-02 10:58:03.255
AlimamaShortcuts
2018-02-02 10:58:03.255
alipay
2018-02-02 10:58:03.256
Allround Automations
2018-02-02 10:58:03.257
APlayer
2018-02-02 10:58:03.258
AppDataLow
2018-02-02 10:58:03.259
AppID
2018-02-02 10:58:03.260
Apple Computer, Inc.
2018-02-02 10:58:03.261
Apple Inc.
2018-02-02 10:58:03.262
ASUS
2018-02-02 10:58:03.263
Atheros
2018-02-02 10:58:03.264
Avast Software
2018-02-02 10:58:03.264
Axure RP 4
2018-02-02 10:58:03.265
Baidu
2018-02-02 10:58:03.265
BitComet
2018-02-02 10:58:03.266
Blizzard Entertainment
2018-02-02 10:58:03.266
BlueStacks
2018-02-02 10:58:03.266
Bmupd
2018-02-02 10:58:03.267
BottleTech
2018-02-02 10:58:03.267
calibre
2018-02-02 10:58:03.268
CDProjektRED
2018-02-02 10:58:03.268
Cheat Engine
2018-02-02 10:58:03.268
Chrome
2018-02-02 10:58:03.269
Chromium
2018-02-02 10:58:03.269
Clients
2018-02-02 10:58:03.269
Clover
2018-02-02 10:58:03.270
Common
2018-02-02 10:58:03.270
CoreAAC
2018-02-02 10:58:03.271
Crystal Dynamics
2018-02-02 10:58:03.271
CTWYZDHZM
2018-02-02 10:58:03.272
CyberLink
2018-02-02 10:58:03.272
Cygwin
2018-02-02 10:58:03.272
DCEtools
2018-02-02 10:58:03.273
DCEtoolsRD
2018-02-02 10:58:03.273
Disc Soft
2018-02-02 10:58:03.273
DisplayCardInfo
2018-02-02 10:58:03.274
downer
2018-02-02 10:58:03.274
DTLSoft
2018-02-02 10:58:03.528
duowan
2018-02-02 10:58:03.530
ECAREME
2018-02-02 10:58:03.532
Eidos Montreal
2018-02-02 10:58:03.534
ej-technologies
2018-02-02 10:58:03.536
Elantech
2018-02-02 10:58:03.537
Elecard
2018-02-02 10:58:03.538
Electronic Arts
2018-02-02 10:58:03.539
Epic Games
2018-02-02 10:58:03.540
Evernote
2018-02-02 10:58:03.541
Facepunch Studios LTD
2018-02-02 10:58:03.542
FengMang
2018-02-02 10:58:03.543
FlashGet Network
2018-02-02 10:58:03.543
Foxit Software
2018-02-02 10:58:03.544
FreeDownloadManager.ORG
2018-02-02 10:58:03.545
Gabest
2018-02-02 10:58:03.546
GNU
2018-02-02 10:58:03.547
GOG.com
2018-02-02 10:58:03.547
Google
